Arguments: 
  D:\tools\nodejs\node.exe D:\tools\nodejs\node_modules\yarn\bin\yarn.js add json/urlencoded

PATH: 
  C:\Users\lenovo\bin;D:\tools\cmder\bin;C:\Program Files\Git\bin;D:\tools\cmder\vendor\git-for-windows\mingw32\bin;D:\tools\cmder\vendor\git-for-windows\usr\local\bin;D:\tools\cmder\vendor\git-for-windows\usr\bin;D:\tools\cmder\vendor\git-for-windows\usr\bin;D:\tools\cmder\vendor\git-for-windows\mingw32\bin;D:\tools\cmder\vendor\git-for-windows\usr\bin;C:\Users\lenovo\bin;D:\tools\cmder\vendor\conemu-maximus5\ConEmu\Scripts;D:\tools\cmder\vendor\conemu-maximus5;D:\tools\cmder\vendor\conemu-maximus5\ConEmu;C:\Program Files\Python35\Scripts;C:\Program Files\Python35;C:\Program Files (x86)\Intel\iCLS Client;C:\Program Files\Intel\iCLS Client;C:\Windows\system32;C:\Windows;C:\Windows\System32\Wbem;C:\Windows\System32\WindowsPowerShell\v1.0;C:\Program Files (x86)\Intel\Intel(R) Management Engine Components\DAL;C:\Program Files\Intel\Intel(R) Management Engine Components\DAL;C:\Program Files (x86)\Intel\Intel(R) Management Engine Components\IPT;C:\Program Files\Intel\Intel(R) Management Engine Components\IPT;C:\Program Files (x86)\NVIDIA Corporation\PhysX\Common;C:\WINDOWS\system32;C:\WINDOWS;C:\WINDOWS\System32\Wbem;C:\WINDOWS\System32\WindowsPowerShell\v1.0;C:\Program Files\Microsoft SQL Server\110\Tools\Binn;C:\Program Files (x86)\Windows Kits\8.1\Windows Performance Toolkit;C:\Program Files (x86)\Microsoft SQL Server\100\Tools\Binn\VSShell\Common7\IDE;C:\Program Files (x86)\Microsoft SQL Server\100\Tools\Binn;C:\Program Files\Microsoft SQL Server\100\Tools\Binn;C:\Program Files (x86)\Microsoft SQL Server\100\DTS\Binn;D:\tools\nvm;D:\tools\nodejs;C:\ProgramData\chocolatey\bin;D:\Program Files\Java\jdk1.8.0_111\bin;D:\tools\mybatis-migrations-3.2.1\bin;D:\tools\gradle\bin;C:\Program Files (x86)\GtkSharp\2.12\bin;C:\Users\lenovo\.dnx\bin;C:\Program Files\Microsoft DNX\Dnvm;C:\Program Files\Microsoft SQL Server\130\Tools\Binn;C:\Program Files\Git\cmd;D:\Program Files (x86)\Microsoft Visual Studio 12.0\VC;D:\Program Files (x86)\Windows Kits\10\Windows Performance Toolkit;C:\Program Files\Intel\WiFi\bin;C:\Program Files\Common Files\Intel\WirelessCommon;C:\Program Files\Redis;C:\tools\mysql\current\bin;C:\Program Files (x86)\Microsoft VS Code\bin;D:\tools\cmder;D:\tools\cmder\vendor\git-for-windows\usr\bin\vendor_perl;D:\tools\cmder\vendor\git-for-windows\usr\bin\core_perl

Yarn version: 
  0.20.3

Node version: 
  6.9.2

Platform: 
  win32 x64

npm manifest: 
  {
    "name": "slack-gists",
    "version": "1.0.0",
    "main": "index.js",
    "license": "MIT",
    "scripts": {
      "test": "echo \"Error: no test specified\" && exit 1",
      "start": "node app.js"
    },
    "dependencies": {
      "@slack/client": "^3.8.1",
      "body-parser": "^1.16.1",
      "errorhandler": "^1.5.0",
      "express": "~4.14.0",
      "github": "^8.2.1",
      "github-webhook-handler": "^0.6.0",
      "lodash": "^4.17.4",
      "underscore": "^1.8.3"
    }
  }

yarn manifest: 
  No manifest

Lockfile: 
  # THIS IS AN AUTOGENERATED FILE. DO NOT EDIT THIS FILE DIRECTLY.
  # yarn lockfile v1
  
  
  "@slack/client@^3.8.1":
    version "3.8.1"
    resolved "http://registry.npm.taobao.org/@slack/client/download/@slack/client-3.8.1.tgz#ac1744f3e87ebd52f60979ecc084c615544caeeb"
    dependencies:
      async "^1.5.0"
      bluebird "^3.3.3"
      eventemitter3 "^1.1.1"
      https-proxy-agent "^1.0.0"
      inherits "^2.0.1"
      lodash "^4.13.1"
      pkginfo "^0.4.0"
      request "^2.64.0"
      retry "^0.9.0"
      url-join "0.0.1"
      winston "^2.1.1"
      ws "^1.0.1"
  
  accepts@~1.3.3:
    version "1.3.3"
    resolved "http://registry.npm.taobao.org/accepts/download/accepts-1.3.3.tgz#c3ca7434938648c3e0d9c1e328dd68b622c284ca"
    dependencies:
      mime-types "~2.1.11"
      negotiator "0.6.1"
  
  agent-base@2:
    version "2.0.1"
    resolved "http://registry.npm.taobao.org/agent-base/download/agent-base-2.0.1.tgz#bd8f9e86a8eb221fffa07bd14befd55df142815e"
    dependencies:
      extend "~3.0.0"
      semver "~5.0.1"
  
  ansi-regex@^2.0.0:
    version "2.1.1"
    resolved "http://registry.npm.taobao.org/ansi-regex/download/ansi-regex-2.1.1.tgz#c3b33ab5ee360d86e0e628f0468ae7ef27d654df"
  
  ansi-styles@^2.2.1:
    version "2.2.1"
    resolved "http://registry.npm.taobao.org/ansi-styles/download/ansi-styles-2.2.1.tgz#b432dd3358b634cf75e1e4664368240533c1ddbe"
  
  array-flatten@1.1.1:
    version "1.1.1"
    resolved "http://registry.npm.taobao.org/array-flatten/download/array-flatten-1.1.1.tgz#9a5f699051b1e7073328f2a008968b64ea2955d2"
  
  asn1@~0.2.3:
    version "0.2.3"
    resolved "http://registry.npm.taobao.org/asn1/download/asn1-0.2.3.tgz#dac8787713c9966849fc8180777ebe9c1ddf3b86"
  
  assert-plus@^0.2.0:
    version "0.2.0"
    resolved "http://registry.npm.taobao.org/assert-plus/download/assert-plus-0.2.0.tgz#d74e1b87e7affc0db8aadb7021f3fe48101ab234"
  
  assert-plus@^1.0.0:
    version "1.0.0"
    resolved "http://registry.npm.taobao.org/assert-plus/download/assert-plus-1.0.0.tgz#f12e0f3c5d77b0b1cdd9146942e4e96c1e4dd525"
  
  async@^1.5.0:
    version "1.5.2"
    resolved "http://registry.npm.taobao.org/async/download/async-1.5.2.tgz#ec6a61ae56480c0c3cb241c95618e20892f9672a"
  
  async@~1.0.0:
    version "1.0.0"
    resolved "http://registry.npm.taobao.org/async/download/async-1.0.0.tgz#f8fc04ca3a13784ade9e1641af98578cfbd647a9"
  
  asynckit@^0.4.0:
    version "0.4.0"
    resolved "http://registry.npm.taobao.org/asynckit/download/asynckit-0.4.0.tgz#c79ed97f7f34cb8f2ba1bc9790bcc366474b4b79"
  
  aws-sign2@~0.6.0:
    version "0.6.0"
    resolved "http://registry.npm.taobao.org/aws-sign2/download/aws-sign2-0.6.0.tgz#14342dd38dbcc94d0e5b87d763cd63612c0e794f"
  
  aws4@^1.2.1:
    version "1.6.0"
    resolved "http://registry.npm.taobao.org/aws4/download/aws4-1.6.0.tgz#83ef5ca860b2b32e4a0deedee8c771b9db57471e"
  
  bcrypt-pbkdf@^1.0.0:
    version "1.0.1"
    resolved "http://registry.npm.taobao.org/bcrypt-pbkdf/download/bcrypt-pbkdf-1.0.1.tgz#63bc5dcb61331b92bc05fd528953c33462a06f8d"
    dependencies:
      tweetnacl "^0.14.3"
  
  bl@~1.1.2:
    version "1.1.2"
    resolved "http://registry.npm.taobao.org/bl/download/bl-1.1.2.tgz#fdca871a99713aa00d19e3bbba41c44787a65398"
    dependencies:
      readable-stream "~2.0.5"
  
  bluebird@^3.3.3:
    version "3.4.7"
    resolved "http://registry.npm.taobao.org/bluebird/download/bluebird-3.4.7.tgz#f72d760be09b7f76d08ed8fae98b289a8d05fab3"
  
  body-parser@^1.16.1:
    version "1.16.1"
    resolved "http://registry.npm.taobao.org/body-parser/download/body-parser-1.16.1.tgz#51540d045adfa7a0c6995a014bb6b1ed9b802329"
    dependencies:
      bytes "2.4.0"
      content-type "~1.0.2"
      debug "2.6.1"
      depd "~1.1.0"
      http-errors "~1.5.1"
      iconv-lite "0.4.15"
      on-finished "~2.3.0"
      qs "6.2.1"
      raw-body "~2.2.0"
      type-is "~1.6.14"
  
  boom@2.x.x:
    version "2.10.1"
    resolved "http://registry.npm.taobao.org/boom/download/boom-2.10.1.tgz#39c8918ceff5799f83f9492a848f625add0c766f"
    dependencies:
      hoek "2.x.x"
  
  buffer-equal-constant-time@~1.0.1:
    version "1.0.1"
    resolved "http://registry.npm.taobao.org/buffer-equal-constant-time/download/buffer-equal-constant-time-1.0.1.tgz#f8e71132f7ffe6e01a5c9697a4c6f3e48d5cc819"
  
  bytes@2.4.0:
    version "2.4.0"
    resolved "http://registry.npm.taobao.org/bytes/download/bytes-2.4.0.tgz#7d97196f9d5baf7f6935e25985549edd2a6c2339"
  
  caseless@~0.11.0:
    version "0.11.0"
    resolved "http://registry.npm.taobao.org/caseless/download/caseless-0.11.0.tgz#715b96ea9841593cc33067923f5ec60ebda4f7d7"
  
  chalk@^1.1.1:
    version "1.1.3"
    resolved "http://registry.npm.taobao.org/chalk/download/chalk-1.1.3.tgz#a8115c55e4a702fe4d150abd3872822a7e09fc98"
    dependencies:
      ansi-styles "^2.2.1"
      escape-string-regexp "^1.0.2"
      has-ansi "^2.0.0"
      strip-ansi "^3.0.0"
      supports-color "^2.0.0"
  
  colors@1.0.x:
    version "1.0.3"
    resolved "http://registry.npm.taobao.org/colors/download/colors-1.0.3.tgz#0433f44d809680fdeb60ed260f1b0c262e82a40b"
  
  combined-stream@^1.0.5, combined-stream@~1.0.5:
    version "1.0.5"
    resolved "http://registry.npm.taobao.org/combined-stream/download/combined-stream-1.0.5.tgz#938370a57b4a51dea2c77c15d5c5fdf895164009"
    dependencies:
      delayed-stream "~1.0.0"
  
  commander@^2.9.0:
    version "2.9.0"
    resolved "http://registry.npm.taobao.org/commander/download/commander-2.9.0.tgz#9c99094176e12240cb22d6c5146098400fe0f7d4"
    dependencies:
      graceful-readlink ">= 1.0.0"
  
  content-disposition@0.5.2:
    version "0.5.2"
    resolved "http://registry.npm.taobao.org/content-disposition/download/content-disposition-0.5.2.tgz#0cf68bb9ddf5f2be7961c3a85178cb85dba78cb4"
  
  content-type@~1.0.2:
    version "1.0.2"
    resolved "http://registry.npm.taobao.org/content-type/download/content-type-1.0.2.tgz#b7d113aee7a8dd27bd21133c4dc2529df1721eed"
  
  cookie-signature@1.0.6:
    version "1.0.6"
    resolved "http://registry.npm.taobao.org/cookie-signature/download/cookie-signature-1.0.6.tgz#e303a882b342cc3ee8ca513a79999734dab3ae2c"
  
  cookie@0.3.1:
    version "0.3.1"
    resolved "http://registry.npm.taobao.org/cookie/download/cookie-0.3.1.tgz#e7e0a1f9ef43b4c8ba925c5c5a96e806d16873bb"
  
  core-util-is@~1.0.0:
    version "1.0.2"
    resolved "http://registry.npm.taobao.org/core-util-is/download/core-util-is-1.0.2.tgz#b5fd54220aa2bc5ab57aab7140c940754503c1a7"
  
  cryptiles@2.x.x:
    version "2.0.5"
    resolved "http://registry.npm.taobao.org/cryptiles/download/cryptiles-2.0.5.tgz#3bdfecdc608147c1c67202fa291e7dca59eaa3b8"
    dependencies:
      boom "2.x.x"
  
  cycle@1.0.x:
    version "1.0.3"
    resolved "http://registry.npm.taobao.org/cycle/download/cycle-1.0.3.tgz#21e80b2be8580f98b468f379430662b046c34ad2"
  
  dashdash@^1.12.0:
    version "1.14.1"
    resolved "http://registry.npm.taobao.org/dashdash/download/dashdash-1.14.1.tgz#853cfa0f7cbe2fed5de20326b8dd581035f6e2f0"
    dependencies:
      assert-plus "^1.0.0"
  
  debug@2, debug@2.6.1, debug@^2.2.0:
    version "2.6.1"
    resolved "http://registry.npm.taobao.org/debug/download/debug-2.6.1.tgz#79855090ba2c4e3115cc7d8769491d58f0491351"
    dependencies:
      ms "0.7.2"
  
  debug@~2.2.0:
    version "2.2.0"
    resolved "http://registry.npm.taobao.org/debug/download/debug-2.2.0.tgz#f87057e995b1a1f6ae6a4960664137bc56f039da"
    dependencies:
      ms "0.7.1"
  
  delayed-stream@~1.0.0:
    version "1.0.0"
    resolved "http://registry.npm.taobao.org/delayed-stream/download/delayed-stream-1.0.0.tgz#df3ae199acadfb7d440aaae0b29e2272b24ec619"
  
  depd@~1.1.0:
    version "1.1.0"
    resolved "http://registry.npm.taobao.org/depd/download/depd-1.1.0.tgz#e1bd82c6aab6ced965b97b88b17ed3e528ca18c3"
  
  destroy@~1.0.4:
    version "1.0.4"
    resolved "http://registry.npm.taobao.org/destroy/download/destroy-1.0.4.tgz#978857442c44749e4206613e37946205826abd80"
  
  ecc-jsbn@~0.1.1:
    version "0.1.1"
    resolved "http://registry.npm.taobao.org/ecc-jsbn/download/ecc-jsbn-0.1.1.tgz#0fc73a9ed5f0d53c38193398523ef7e543777505"
    dependencies:
      jsbn "~0.1.0"
  
  ee-first@1.1.1:
    version "1.1.1"
    resolved "http://registry.npm.taobao.org/ee-first/download/ee-first-1.1.1.tgz#590c61156b0ae2f4f0255732a158b266bc56b21d"
  
  encodeurl@~1.0.1:
    version "1.0.1"
    resolved "http://registry.npm.taobao.org/encodeurl/download/encodeurl-1.0.1.tgz#79e3d58655346909fe6f0f45a5de68103b294d20"
  
  errorhandler@^1.5.0:
    version "1.5.0"
    resolved "http://registry.npm.taobao.org/errorhandler/download/errorhandler-1.5.0.tgz#eaba64ca5d542a311ac945f582defc336165d9f4"
    dependencies:
      accepts "~1.3.3"
      escape-html "~1.0.3"
  
  escape-html@~1.0.3:
    version "1.0.3"
    resolved "http://registry.npm.taobao.org/escape-html/download/escape-html-1.0.3.tgz#0258eae4d3d0c0974de1c169188ef0051d1d1988"
  
  escape-string-regexp@^1.0.2:
    version "1.0.5"
    resolved "http://registry.npm.taobao.org/escape-string-regexp/download/escape-string-regexp-1.0.5.tgz#1b61c0562190a8dff6ae3bb2cf0200ca130b86d4"
  
  etag@~1.7.0:
    version "1.7.0"
    resolved "http://registry.npm.taobao.org/etag/download/etag-1.7.0.tgz#03d30b5f67dd6e632d2945d30d6652731a34d5d8"
  
  eventemitter3@^1.1.1:
    version "1.2.0"
    resolved "http://registry.npm.taobao.org/eventemitter3/download/eventemitter3-1.2.0.tgz#1c86991d816ad1e504750e73874224ecf3bec508"
  
  express@~4.14.0:
    version "4.14.1"
    resolved "http://registry.npm.taobao.org/express/download/express-4.14.1.tgz#646c237f766f148c2120aff073817b9e4d7e0d33"
    dependencies:
      accepts "~1.3.3"
      array-flatten "1.1.1"
      content-disposition "0.5.2"
      content-type "~1.0.2"
      cookie "0.3.1"
      cookie-signature "1.0.6"
      debug "~2.2.0"
      depd "~1.1.0"
      encodeurl "~1.0.1"
      escape-html "~1.0.3"
      etag "~1.7.0"
      finalhandler "0.5.1"
      fresh "0.3.0"
      merge-descriptors "1.0.1"
      methods "~1.1.2"
      on-finished "~2.3.0"
      parseurl "~1.3.1"
      path-to-regexp "0.1.7"
      proxy-addr "~1.1.3"
      qs "6.2.0"
      range-parser "~1.2.0"
      send "0.14.2"
      serve-static "~1.11.2"
      type-is "~1.6.14"
      utils-merge "1.0.0"
      vary "~1.1.0"
  
  extend@3, extend@~3.0.0:
    version "3.0.0"
    resolved "http://registry.npm.taobao.org/extend/download/extend-3.0.0.tgz#5a474353b9f3353ddd8176dfd37b91c83a46f1d4"
  
  extsprintf@1.0.2:
    version "1.0.2"
    resolved "http://registry.npm.taobao.org/extsprintf/download/extsprintf-1.0.2.tgz#e1080e0658e300b06294990cc70e1502235fd550"
  
  eyes@0.1.x:
    version "0.1.8"
    resolved "http://registry.npm.taobao.org/eyes/download/eyes-0.1.8.tgz#62cf120234c683785d902348a800ef3e0cc20bc0"
  
  finalhandler@0.5.1:
    version "0.5.1"
    resolved "http://registry.npm.taobao.org/finalhandler/download/finalhandler-0.5.1.tgz#2c400d8d4530935bc232549c5fa385ec07de6fcd"
    dependencies:
      debug "~2.2.0"
      escape-html "~1.0.3"
      on-finished "~2.3.0"
      statuses "~1.3.1"
      unpipe "~1.0.0"
  
  follow-redirects@0.0.7:
    version "0.0.7"
    resolved "http://registry.npm.taobao.org/follow-redirects/download/follow-redirects-0.0.7.tgz#34b90bab2a911aa347571da90f22bd36ecd8a919"
    dependencies:
      debug "^2.2.0"
      stream-consume "^0.1.0"
  
  forever-agent@~0.6.1:
    version "0.6.1"
    resolved "http://registry.npm.taobao.org/forever-agent/download/forever-agent-0.6.1.tgz#fbc71f0c41adeb37f96c577ad1ed42d8fdacca91"
  
  form-data@~2.1.1:
    version "2.1.2"
    resolved "http://registry.npm.taobao.org/form-data/download/form-data-2.1.2.tgz#89c3534008b97eada4cbb157d58f6f5df025eae4"
    dependencies:
      asynckit "^0.4.0"
      combined-stream "^1.0.5"
      mime-types "^2.1.12"
  
  forwarded@~0.1.0:
    version "0.1.0"
    resolved "http://registry.npm.taobao.org/forwarded/download/forwarded-0.1.0.tgz#19ef9874c4ae1c297bcf078fde63a09b66a84363"
  
  fresh@0.3.0:
    version "0.3.0"
    resolved "http://registry.npm.taobao.org/fresh/download/fresh-0.3.0.tgz#651f838e22424e7566de161d8358caa199f83d4f"
  
  generate-function@^2.0.0:
    version "2.0.0"
    resolved "http://registry.npm.taobao.org/generate-function/download/generate-function-2.0.0.tgz#6858fe7c0969b7d4e9093337647ac79f60dfbe74"
  
  generate-object-property@^1.1.0:
    version "1.2.0"
    resolved "http://registry.npm.taobao.org/generate-object-property/download/generate-object-property-1.2.0.tgz#9c0e1c40308ce804f4783618b937fa88f99d50d0"
    dependencies:
      is-property "^1.0.0"
  
  getpass@^0.1.1:
    version "0.1.6"
    resolved "http://registry.npm.taobao.org/getpass/download/getpass-0.1.6.tgz#283ffd9fc1256840875311c1b60e8c40187110e6"
    dependencies:
      assert-plus "^1.0.0"
  
  github-webhook-handler@^0.6.0:
    version "0.6.0"
    resolved "http://registry.npm.taobao.org/github-webhook-handler/download/github-webhook-handler-0.6.0.tgz#0981c938c163599064a0c55e69dca9e21393c696"
    dependencies:
      bl "~1.1.2"
      buffer-equal-constant-time "~1.0.1"
  
  github@^8.2.1:
    version "8.2.1"
    resolved "http://registry.npm.taobao.org/github/download/github-8.2.1.tgz#616b2211fbcd1cc8631669aed67653e62eb53816"
    dependencies:
      follow-redirects "0.0.7"
      https-proxy-agent "^1.0.0"
      mime "^1.2.11"
      netrc "^0.1.4"
  
  "graceful-readlink@>= 1.0.0":
    version "1.0.1"
    resolved "http://registry.npm.taobao.org/graceful-readlink/download/graceful-readlink-1.0.1.tgz#4cafad76bc62f02fa039b2f94e9a3dd3a391a725"
  
  har-validator@~2.0.6:
    version "2.0.6"
    resolved "http://registry.npm.taobao.org/har-validator/download/har-validator-2.0.6.tgz#cdcbc08188265ad119b6a5a7c8ab70eecfb5d27d"
    dependencies:
      chalk "^1.1.1"
      commander "^2.9.0"
      is-my-json-valid "^2.12.4"
      pinkie-promise "^2.0.0"
  
  has-ansi@^2.0.0:
    version "2.0.0"
    resolved "http://registry.npm.taobao.org/has-ansi/download/has-ansi-2.0.0.tgz#34f5049ce1ecdf2b0649af3ef24e45ed35416d91"
    dependencies:
      ansi-regex "^2.0.0"
  
  hawk@~3.1.3:
    version "3.1.3"
    resolved "http://registry.npm.taobao.org/hawk/download/hawk-3.1.3.tgz#078444bd7c1640b0fe540d2c9b73d59678e8e1c4"
    dependencies:
      boom "2.x.x"
      cryptiles "2.x.x"
      hoek "2.x.x"
      sntp "1.x.x"
  
  hoek@2.x.x:
    version "2.16.3"
    resolved "http://registry.npm.taobao.org/hoek/download/hoek-2.16.3.tgz#20bb7403d3cea398e91dc4710a8ff1b8274a25ed"
  
  http-errors@~1.5.1:
    version "1.5.1"
    resolved "http://registry.npm.taobao.org/http-errors/download/http-errors-1.5.1.tgz#788c0d2c1de2c81b9e6e8c01843b6b97eb920750"
    dependencies:
      inherits "2.0.3"
      setprototypeof "1.0.2"
      statuses ">= 1.3.1 < 2"
  
  http-signature@~1.1.0:
    version "1.1.1"
    resolved "http://registry.npm.taobao.org/http-signature/download/http-signature-1.1.1.tgz#df72e267066cd0ac67fb76adf8e134a8fbcf91bf"
    dependencies:
      assert-plus "^0.2.0"
      jsprim "^1.2.2"
      sshpk "^1.7.0"
  
  https-proxy-agent@^1.0.0:
    version "1.0.0"
    resolved "http://registry.npm.taobao.org/https-proxy-agent/download/https-proxy-agent-1.0.0.tgz#35f7da6c48ce4ddbfa264891ac593ee5ff8671e6"
    dependencies:
      agent-base "2"
      debug "2"
      extend "3"
  
  iconv-lite@0.4.15:
    version "0.4.15"
    resolved "http://registry.npm.taobao.org/iconv-lite/download/iconv-lite-0.4.15.tgz#fe265a218ac6a57cfe854927e9d04c19825eddeb"
  
  inherits@2.0.3, inherits@^2.0.1, inherits@~2.0.1:
    version "2.0.3"
    resolved "http://registry.npm.taobao.org/inherits/download/inherits-2.0.3.tgz#633c2c83e3da42a502f52466022480f4208261de"
  
  ipaddr.js@1.2.0:
    version "1.2.0"
    resolved "http://registry.npm.taobao.org/ipaddr.js/download/ipaddr.js-1.2.0.tgz#8aba49c9192799585bdd643e0ccb50e8ae777ba4"
  
  is-my-json-valid@^2.12.4:
    version "2.15.0"
    resolved "http://registry.npm.taobao.org/is-my-json-valid/download/is-my-json-valid-2.15.0.tgz#936edda3ca3c211fd98f3b2d3e08da43f7b2915b"
    dependencies:
      generate-function "^2.0.0"
      generate-object-property "^1.1.0"
      jsonpointer "^4.0.0"
      xtend "^4.0.0"
  
  is-property@^1.0.0:
    version "1.0.2"
    resolved "http://registry.npm.taobao.org/is-property/download/is-property-1.0.2.tgz#57fe1c4e48474edd65b09911f26b1cd4095dda84"
  
  is-typedarray@~1.0.0:
    version "1.0.0"
    resolved "http://registry.npm.taobao.org/is-typedarray/download/is-typedarray-1.0.0.tgz#e479c80858df0c1b11ddda6940f96011fcda4a9a"
  
  isarray@~1.0.0:
    version "1.0.0"
    resolved "http://registry.npm.taobao.org/isarray/download/isarray-1.0.0.tgz#bb935d48582cba168c06834957a54a3e07124f11"
  
  isstream@0.1.x, isstream@~0.1.2:
    version "0.1.2"
    resolved "http://registry.npm.taobao.org/isstream/download/isstream-0.1.2.tgz#47e63f7af55afa6f92e1500e690eb8b8529c099a"
  
  jodid25519@^1.0.0:
    version "1.0.2"
    resolved "http://registry.npm.taobao.org/jodid25519/download/jodid25519-1.0.2.tgz#06d4912255093419477d425633606e0e90782967"
    dependencies:
      jsbn "~0.1.0"
  
  jsbn@~0.1.0:
    version "0.1.1"
    resolved "http://registry.npm.taobao.org/jsbn/download/jsbn-0.1.1.tgz#a5e654c2e5a2deb5f201d96cefbca80c0ef2f513"
  
  json-schema@0.2.3:
    version "0.2.3"
    resolved "http://registry.npm.taobao.org/json-schema/download/json-schema-0.2.3.tgz#b480c892e59a2f05954ce727bd3f2a4e882f9e13"
  
  json-stringify-safe@~5.0.1:
    version "5.0.1"
    resolved "http://registry.npm.taobao.org/json-stringify-safe/download/json-stringify-safe-5.0.1.tgz#1296a2d58fd45f19a0f6ce01d65701e2c735b6eb"
  
  jsonpointer@^4.0.0:
    version "4.0.1"
    resolved "http://registry.npm.taobao.org/jsonpointer/download/jsonpointer-4.0.1.tgz#4fd92cb34e0e9db3c89c8622ecf51f9b978c6cb9"
  
  jsprim@^1.2.2:
    version "1.3.1"
    resolved "http://registry.npm.taobao.org/jsprim/download/jsprim-1.3.1.tgz#2a7256f70412a29ee3670aaca625994c4dcff252"
    dependencies:
      extsprintf "1.0.2"
      json-schema "0.2.3"
      verror "1.3.6"
  
  lodash@^4.13.1, lodash@^4.17.4:
    version "4.17.4"
    resolved "http://registry.npm.taobao.org/lodash/download/lodash-4.17.4.tgz#78203a4d1c328ae1d86dca6460e369b57f4055ae"
  
  media-typer@0.3.0:
    version "0.3.0"
    resolved "http://registry.npm.taobao.org/media-typer/download/media-typer-0.3.0.tgz#8710d7af0aa626f8fffa1ce00168545263255748"
  
  merge-descriptors@1.0.1:
    version "1.0.1"
    resolved "http://registry.npm.taobao.org/merge-descriptors/download/merge-descriptors-1.0.1.tgz#b00aaa556dd8b44568150ec9d1b953f3f90cbb61"
  
  methods@~1.1.2:
    version "1.1.2"
    resolved "http://registry.npm.taobao.org/methods/download/methods-1.1.2.tgz#5529a4d67654134edcc5266656835b0f851afcee"
  
  mime-db@~1.26.0:
    version "1.26.0"
    resolved "http://registry.npm.taobao.org/mime-db/download/mime-db-1.26.0.tgz#eaffcd0e4fc6935cf8134da246e2e6c35305adff"
  
  mime-types@^2.1.12, mime-types@~2.1.11, mime-types@~2.1.13, mime-types@~2.1.7:
    version "2.1.14"
    resolved "http://registry.npm.taobao.org/mime-types/download/mime-types-2.1.14.tgz#f7ef7d97583fcaf3b7d282b6f8b5679dab1e94ee"
    dependencies:
      mime-db "~1.26.0"
  
  mime@1.3.4, mime@^1.2.11:
    version "1.3.4"
    resolved "http://registry.npm.taobao.org/mime/download/mime-1.3.4.tgz#115f9e3b6b3daf2959983cb38f149a2d40eb5d53"
  
  ms@0.7.1:
    version "0.7.1"
    resolved "http://registry.npm.taobao.org/ms/download/ms-0.7.1.tgz#9cd13c03adbff25b65effde7ce864ee952017098"
  
  ms@0.7.2:
    version "0.7.2"
    resolved "http://registry.npm.taobao.org/ms/download/ms-0.7.2.tgz#ae25cf2512b3885a1d95d7f037868d8431124765"
  
  negotiator@0.6.1:
    version "0.6.1"
    resolved "http://registry.npm.taobao.org/negotiator/download/negotiator-0.6.1.tgz#2b327184e8992101177b28563fb5e7102acd0ca9"
  
  netrc@^0.1.4:
    version "0.1.4"
    resolved "http://registry.npm.taobao.org/netrc/download/netrc-0.1.4.tgz#6be94fcaca8d77ade0a9670dc460914c94472444"
  
  oauth-sign@~0.8.1:
    version "0.8.2"
    resolved "http://registry.npm.taobao.org/oauth-sign/download/oauth-sign-0.8.2.tgz#46a6ab7f0aead8deae9ec0565780b7d4efeb9d43"
  
  on-finished@~2.3.0:
    version "2.3.0"
    resolved "http://registry.npm.taobao.org/on-finished/download/on-finished-2.3.0.tgz#20f1336481b083cd75337992a16971aa2d906947"
    dependencies:
      ee-first "1.1.1"
  
  options@>=0.0.5:
    version "0.0.6"
    resolved "http://registry.npm.taobao.org/options/download/options-0.0.6.tgz#ec22d312806bb53e731773e7cdaefcf1c643128f"
  
  parseurl@~1.3.1:
    version "1.3.1"
    resolved "http://registry.npm.taobao.org/parseurl/download/parseurl-1.3.1.tgz#c8ab8c9223ba34888aa64a297b28853bec18da56"
  
  path-to-regexp@0.1.7:
    version "0.1.7"
    resolved "http://registry.npm.taobao.org/path-to-regexp/download/path-to-regexp-0.1.7.tgz#df604178005f522f15eb4490e7247a1bfaa67f8c"
  
  pinkie-promise@^2.0.0:
    version "2.0.1"
    resolved "http://registry.npm.taobao.org/pinkie-promise/download/pinkie-promise-2.0.1.tgz#2135d6dfa7a358c069ac9b178776288228450ffa"
    dependencies:
      pinkie "^2.0.0"
  
  pinkie@^2.0.0:
    version "2.0.4"
    resolved "http://registry.npm.taobao.org/pinkie/download/pinkie-2.0.4.tgz#72556b80cfa0d48a974e80e77248e80ed4f7f870"
  
  pkginfo@^0.4.0:
    version "0.4.0"
    resolved "http://registry.npm.taobao.org/pkginfo/download/pkginfo-0.4.0.tgz#349dbb7ffd38081fcadc0853df687f0c7744cd65"
  
  process-nextick-args@~1.0.6:
    version "1.0.7"
    resolved "http://registry.npm.taobao.org/process-nextick-args/download/process-nextick-args-1.0.7.tgz#150e20b756590ad3f91093f25a4f2ad8bff30ba3"
  
  proxy-addr@~1.1.3:
    version "1.1.3"
    resolved "http://registry.npm.taobao.org/proxy-addr/download/proxy-addr-1.1.3.tgz#dc97502f5722e888467b3fa2297a7b1ff47df074"
    dependencies:
      forwarded "~0.1.0"
      ipaddr.js "1.2.0"
  
  punycode@^1.4.1:
    version "1.4.1"
    resolved "http://registry.npm.taobao.org/punycode/download/punycode-1.4.1.tgz#c0d5a63b2718800ad8e1eb0fa5269c84dd41845e"
  
  qs@6.2.0:
    version "6.2.0"
    resolved "http://registry.npm.taobao.org/qs/download/qs-6.2.0.tgz#3b7848c03c2dece69a9522b0fae8c4126d745f3b"
  
  qs@6.2.1:
    version "6.2.1"
    resolved "http://registry.npm.taobao.org/qs/download/qs-6.2.1.tgz#ce03c5ff0935bc1d9d69a9f14cbd18e568d67625"
  
  qs@~6.3.0:
    version "6.3.0"
    resolved "http://registry.npm.taobao.org/qs/download/qs-6.3.0.tgz#f403b264f23bc01228c74131b407f18d5ea5d442"
  
  range-parser@~1.2.0:
    version "1.2.0"
    resolved "http://registry.npm.taobao.org/range-parser/download/range-parser-1.2.0.tgz#f49be6b487894ddc40dcc94a322f611092e00d5e"
  
  raw-body@~2.2.0:
    version "2.2.0"
    resolved "http://registry.npm.taobao.org/raw-body/download/raw-body-2.2.0.tgz#994976cf6a5096a41162840492f0bdc5d6e7fb96"
    dependencies:
      bytes "2.4.0"
      iconv-lite "0.4.15"
      unpipe "1.0.0"
  
  readable-stream@~2.0.5:
    version "2.0.6"
    resolved "http://registry.npm.taobao.org/readable-stream/download/readable-stream-2.0.6.tgz#8f90341e68a53ccc928788dacfcd11b36eb9b78e"
    dependencies:
      core-util-is "~1.0.0"
      inherits "~2.0.1"
      isarray "~1.0.0"
      process-nextick-args "~1.0.6"
      string_decoder "~0.10.x"
      util-deprecate "~1.0.1"
  
  request@^2.64.0:
    version "2.79.0"
    resolved "http://registry.npm.taobao.org/request/download/request-2.79.0.tgz#4dfe5bf6be8b8cdc37fcf93e04b65577722710de"
    dependencies:
      aws-sign2 "~0.6.0"
      aws4 "^1.2.1"
      caseless "~0.11.0"
      combined-stream "~1.0.5"
      extend "~3.0.0"
      forever-agent "~0.6.1"
      form-data "~2.1.1"
      har-validator "~2.0.6"
      hawk "~3.1.3"
      http-signature "~1.1.0"
      is-typedarray "~1.0.0"
      isstream "~0.1.2"
      json-stringify-safe "~5.0.1"
      mime-types "~2.1.7"
      oauth-sign "~0.8.1"
      qs "~6.3.0"
      stringstream "~0.0.4"
      tough-cookie "~2.3.0"
      tunnel-agent "~0.4.1"
      uuid "^3.0.0"
  
  retry@^0.9.0:
    version "0.9.0"
    resolved "http://registry.npm.taobao.org/retry/download/retry-0.9.0.tgz#6f697e50a0e4ddc8c8f7fb547a9b60dead43678d"
  
  semver@~5.0.1:
    version "5.0.3"
    resolved "http://registry.npm.taobao.org/semver/download/semver-5.0.3.tgz#77466de589cd5d3c95f138aa78bc569a3cb5d27a"
  
  send@0.14.2:
    version "0.14.2"
    resolved "http://registry.npm.taobao.org/send/download/send-0.14.2.tgz#39b0438b3f510be5dc6f667a11f71689368cdeef"
    dependencies:
      debug "~2.2.0"
      depd "~1.1.0"
      destroy "~1.0.4"
      encodeurl "~1.0.1"
      escape-html "~1.0.3"
      etag "~1.7.0"
      fresh "0.3.0"
      http-errors "~1.5.1"
      mime "1.3.4"
      ms "0.7.2"
      on-finished "~2.3.0"
      range-parser "~1.2.0"
      statuses "~1.3.1"
  
  serve-static@~1.11.2:
    version "1.11.2"
    resolved "http://registry.npm.taobao.org/serve-static/download/serve-static-1.11.2.tgz#2cf9889bd4435a320cc36895c9aa57bd662e6ac7"
    dependencies:
      encodeurl "~1.0.1"
      escape-html "~1.0.3"
      parseurl "~1.3.1"
      send "0.14.2"
  
  setprototypeof@1.0.2:
    version "1.0.2"
    resolved "http://registry.npm.taobao.org/setprototypeof/download/setprototypeof-1.0.2.tgz#81a552141ec104b88e89ce383103ad5c66564d08"
  
  sntp@1.x.x:
    version "1.0.9"
    resolved "http://registry.npm.taobao.org/sntp/download/sntp-1.0.9.tgz#6541184cc90aeea6c6e7b35e2659082443c66198"
    dependencies:
      hoek "2.x.x"
  
  sshpk@^1.7.0:
    version "1.10.2"
    resolved "http://registry.npm.taobao.org/sshpk/download/sshpk-1.10.2.tgz#d5a804ce22695515638e798dbe23273de070a5fa"
    dependencies:
      asn1 "~0.2.3"
      assert-plus "^1.0.0"
      dashdash "^1.12.0"
      getpass "^0.1.1"
    optionalDependencies:
      bcrypt-pbkdf "^1.0.0"
      ecc-jsbn "~0.1.1"
      jodid25519 "^1.0.0"
      jsbn "~0.1.0"
      tweetnacl "~0.14.0"
  
  stack-trace@0.0.x:
    version "0.0.9"
    resolved "http://registry.npm.taobao.org/stack-trace/download/stack-trace-0.0.9.tgz#a8f6eaeca90674c333e7c43953f275b451510695"
  
  "statuses@>= 1.3.1 < 2", statuses@~1.3.1:
    version "1.3.1"
    resolved "http://registry.npm.taobao.org/statuses/download/statuses-1.3.1.tgz#faf51b9eb74aaef3b3acf4ad5f61abf24cb7b93e"
  
  stream-consume@^0.1.0:
    version "0.1.0"
    resolved "http://registry.npm.taobao.org/stream-consume/download/stream-consume-0.1.0.tgz#a41ead1a6d6081ceb79f65b061901b6d8f3d1d0f"
  
  string_decoder@~0.10.x:
    version "0.10.31"
    resolved "http://registry.npm.taobao.org/string_decoder/download/string_decoder-0.10.31.tgz#62e203bc41766c6c28c9fc84301dab1c5310fa94"
  
  stringstream@~0.0.4:
    version "0.0.5"
    resolved "http://registry.npm.taobao.org/stringstream/download/stringstream-0.0.5.tgz#4e484cd4de5a0bbbee18e46307710a8a81621878"
  
  strip-ansi@^3.0.0:
    version "3.0.1"
    resolved "http://registry.npm.taobao.org/strip-ansi/download/strip-ansi-3.0.1.tgz#6a385fb8853d952d5ff05d0e8aaf94278dc63dcf"
    dependencies:
      ansi-regex "^2.0.0"
  
  supports-color@^2.0.0:
    version "2.0.0"
    resolved "http://registry.npm.taobao.org/supports-color/download/supports-color-2.0.0.tgz#535d045ce6b6363fa40117084629995e9df324c7"
  
  tough-cookie@~2.3.0:
    version "2.3.2"
    resolved "http://registry.npm.taobao.org/tough-cookie/download/tough-cookie-2.3.2.tgz#f081f76e4c85720e6c37a5faced737150d84072a"
    dependencies:
      punycode "^1.4.1"
  
  tunnel-agent@~0.4.1:
    version "0.4.3"
    resolved "http://registry.npm.taobao.org/tunnel-agent/download/tunnel-agent-0.4.3.tgz#6373db76909fe570e08d73583365ed828a74eeeb"
  
  tweetnacl@^0.14.3, tweetnacl@~0.14.0:
    version "0.14.5"
    resolved "http://registry.npm.taobao.org/tweetnacl/download/tweetnacl-0.14.5.tgz#5ae68177f192d4456269d108afa93ff8743f4f64"
  
  type-is@~1.6.14:
    version "1.6.14"
    resolved "http://registry.npm.taobao.org/type-is/download/type-is-1.6.14.tgz#e219639c17ded1ca0789092dd54a03826b817cb2"
    dependencies:
      media-typer "0.3.0"
      mime-types "~2.1.13"
  
  ultron@1.0.x:
    version "1.0.2"
    resolved "http://registry.npm.taobao.org/ultron/download/ultron-1.0.2.tgz#ace116ab557cd197386a4e88f4685378c8b2e4fa"
  
  underscore@^1.8.3:
    version "1.8.3"
    resolved "http://registry.npm.taobao.org/underscore/download/underscore-1.8.3.tgz#4f3fb53b106e6097fcf9cb4109f2a5e9bdfa5022"
  
  unpipe@1.0.0, unpipe@~1.0.0:
    version "1.0.0"
    resolved "http://registry.npm.taobao.org/unpipe/download/unpipe-1.0.0.tgz#b2bf4ee8514aae6165b4817829d21b2ef49904ec"
  
  url-join@0.0.1:
    version "0.0.1"
    resolved "http://registry.npm.taobao.org/url-join/download/url-join-0.0.1.tgz#1db48ad422d3402469a87f7d97bdebfe4fb1e3c8"
  
  util-deprecate@~1.0.1:
    version "1.0.2"
    resolved "http://registry.npm.taobao.org/util-deprecate/download/util-deprecate-1.0.2.tgz#450d4dc9fa70de732762fbd2d4a28981419a0ccf"
  
  utils-merge@1.0.0:
    version "1.0.0"
    resolved "http://registry.npm.taobao.org/utils-merge/download/utils-merge-1.0.0.tgz#0294fb922bb9375153541c4f7096231f287c8af8"
  
  uuid@^3.0.0:
    version "3.0.1"
    resolved "http://registry.npm.taobao.org/uuid/download/uuid-3.0.1.tgz#6544bba2dfda8c1cf17e629a3a305e2bb1fee6c1"
  
  vary@~1.1.0:
    version "1.1.0"
    resolved "http://registry.npm.taobao.org/vary/download/vary-1.1.0.tgz#e1e5affbbd16ae768dd2674394b9ad3022653140"
  
  verror@1.3.6:
    version "1.3.6"
    resolved "http://registry.npm.taobao.org/verror/download/verror-1.3.6.tgz#cff5df12946d297d2baaefaa2689e25be01c005c"
    dependencies:
      extsprintf "1.0.2"
  
  winston@^2.1.1:
    version "2.3.1"
    resolved "http://registry.npm.taobao.org/winston/download/winston-2.3.1.tgz#0b48420d978c01804cf0230b648861598225a119"
    dependencies:
      async "~1.0.0"
      colors "1.0.x"
      cycle "1.0.x"
      eyes "0.1.x"
      isstream "0.1.x"
      stack-trace "0.0.x"
  
  ws@^1.0.1:
    version "1.1.2"
    resolved "http://registry.npm.taobao.org/ws/download/ws-1.1.2.tgz#8a244fa052401e08c9886cf44a85189e1fd4067f"
    dependencies:
      options ">=0.0.5"
      ultron "1.0.x"
  
  xtend@^4.0.0:
    version "4.0.1"
    resolved "http://registry.npm.taobao.org/xtend/download/xtend-4.0.1.tgz#a5c6d532be656e23db820efb943a1f04998d63af"

Trace: 
  Error: Error connecting to repository. Please, check the url.
      at d:\tools\nvm\v6.9.2\node_modules\yarn\lib\resolvers\exotics\hosted-git-resolver.js:162:15
      at next (native)
      at step (d:\tools\nvm\v6.9.2\node_modules\yarn\node_modules\babel-runtime\helpers\asyncToGenerator.js:17:30)
      at d:\tools\nvm\v6.9.2\node_modules\yarn\node_modules\babel-runtime\helpers\asyncToGenerator.js:28:13
      at process._tickCallback (internal/process/next_tick.js:103:7)
